0 info it worked if it ends with ok
1 verbose cli [ '/usr/bin/nodejs', '/usr/bin/npm', 'install', 'mysql' ]
2 info using npm@3.5.2
3 info using node@v4.2.6
4 silly loadCurrentTree Starting
5 silly install loadCurrentTree
6 silly install readLocalPackageData
7 silly fetchPackageMetaData mysql
8 silly fetchNamedPackageData mysql
9 silly mapToRegistry name mysql
10 silly mapToRegistry using default registry
11 silly mapToRegistry registry https://registry.npmjs.org/
12 silly mapToRegistry uri https://registry.npmjs.org/mysql
13 verbose request uri https://registry.npmjs.org/mysql
14 verbose request no auth needed
15 info attempt registry request try #1 at 1:34:45 PM
16 verbose request id cb5ae556fbad3110
17 verbose etag "5a3a20e4-248c0"
18 verbose lastModified Wed, 20 Dec 2017 8:35:48 GMT
19 http request GET https://registry.npmjs.org/mysql
20 http 200 https://registry.npmjs.org/mysql
21 verbose headers { date: 'Tue, 11 Sep 2018 05:34:45 GMT',
21 verbose headers   'content-type': 'application/json; charset=UTF-8',
21 verbose headers   'transfer-encoding': 'chunked',
21 verbose headers   connection: 'keep-alive',
21 verbose headers   'set-cookie': [ '__cfduid=d7076216872cc55f9537a042b80b5302d1536644085; expires=Wed, 11-Sep-19 05:34:45 GMT; path=/; domain=.registry.npmjs.org; HttpOnly' ],
21 verbose headers   'cf-cache-status': 'HIT',
21 verbose headers   'cache-control': 'max-age=300',
21 verbose headers   'cf-ray': '4587c460cd7d461a-TPE',
21 verbose headers   etag: 'W/"ae241d81d23edd3e6013612d97c4b7a1"',
21 verbose headers   'expect-ct': 'max-age=604800, report-uri="https://report-uri.cloudflare.com/cdn-cgi/beacon/expect-ct"',
21 verbose headers   'last-modified': 'Wed, 18 Jul 2018 05:08:11 GMT',
21 verbose headers   vary: 'accept-encoding, accept',
21 verbose headers   server: 'cloudflare',
21 verbose headers   'content-encoding': 'gzip' }
22 silly get cb [ 200,
22 silly get   { date: 'Tue, 11 Sep 2018 05:34:45 GMT',
22 silly get     'content-type': 'application/json; charset=UTF-8',
22 silly get     'transfer-encoding': 'chunked',
22 silly get     connection: 'keep-alive',
22 silly get     'set-cookie': [ '__cfduid=d7076216872cc55f9537a042b80b5302d1536644085; expires=Wed, 11-Sep-19 05:34:45 GMT; path=/; domain=.registry.npmjs.org; HttpOnly' ],
22 silly get     'cf-cache-status': 'HIT',
22 silly get     'cache-control': 'max-age=300',
22 silly get     'cf-ray': '4587c460cd7d461a-TPE',
22 silly get     etag: 'W/"ae241d81d23edd3e6013612d97c4b7a1"',
22 silly get     'expect-ct': 'max-age=604800, report-uri="https://report-uri.cloudflare.com/cdn-cgi/beacon/expect-ct"',
22 silly get     'last-modified': 'Wed, 18 Jul 2018 05:08:11 GMT',
22 silly get     vary: 'accept-encoding, accept',
22 silly get     server: 'cloudflare',
22 silly get     'content-encoding': 'gzip' } ]
23 verbose get saving mysql to /home/gavin/.npm/registry.npmjs.org/mysql/.cache.json
24 silly install normalizeTree
25 silly loadCurrentTree Finishing
26 silly loadIdealTree Starting
27 silly install loadIdealTree
28 silly cloneCurrentTree Starting
29 silly install cloneCurrentTreeToIdealTree
30 silly cloneCurrentTree Finishing
31 silly loadShrinkwrap Starting
32 silly install loadShrinkwrap
33 silly loadShrinkwrap Finishing
34 silly loadAllDepsIntoIdealTree Starting
35 silly install loadAllDepsIntoIdealTree
36 silly resolveWithNewModule mysql@2.16.0 checking installable status
37 silly cache add args [ 'mysql', null ]
38 verbose cache add spec mysql
39 silly cache add parsed spec Result {
39 silly cache add   raw: 'mysql',
39 silly cache add   scope: null,
39 silly cache add   name: 'mysql',
39 silly cache add   rawSpec: '',
39 silly cache add   spec: 'latest',
39 silly cache add   type: 'tag' }
40 silly addNamed mysql@latest
41 verbose addNamed "latest" is being treated as a dist-tag for mysql
42 info addNameTag [ 'mysql', 'latest' ]
43 silly mapToRegistry name mysql
44 silly mapToRegistry using default registry
45 silly mapToRegistry registry https://registry.npmjs.org/
46 silly mapToRegistry uri https://registry.npmjs.org/mysql
47 verbose addNameTag registry:https://registry.npmjs.org/mysql not in flight; fetching
48 verbose get https://registry.npmjs.org/mysql not expired, no request
49 silly addNameTag next cb for mysql with tag latest
50 silly addNamed mysql@2.16.0
51 verbose addNamed "2.16.0" is a plain semver version for mysql
52 silly mapToRegistry name mysql
53 silly mapToRegistry using default registry
54 silly mapToRegistry registry https://registry.npmjs.org/
55 silly mapToRegistry uri https://registry.npmjs.org/mysql
56 verbose addRemoteTarball https://registry.npmjs.org/mysql/-/mysql-2.16.0.tgz not in flight; adding
57 verbose addRemoteTarball [ 'https://registry.npmjs.org/mysql/-/mysql-2.16.0.tgz',
57 verbose addRemoteTarball   'b23b22ab5de44fc2d5d32bd4f5af6653fc45e2ba' ]
58 info retry fetch attempt 1 at 1:34:46 PM
59 info attempt registry request try #1 at 1:34:46 PM
60 http fetch GET https://registry.npmjs.org/mysql/-/mysql-2.16.0.tgz
61 http fetch 200 https://registry.npmjs.org/mysql/-/mysql-2.16.0.tgz
62 silly fetchAndShaCheck shasum b23b22ab5de44fc2d5d32bd4f5af6653fc45e2ba
63 verbose addTmpTarball /tmp/npm-13802-2b1d67ad/registry.npmjs.org/mysql/-/mysql-2.16.0.tgz not in flight; adding
64 verbose addTmpTarball already have metadata; skipping unpack for mysql@2.16.0
65 silly cache afterAdd mysql@2.16.0
66 verbose afterAdd /home/gavin/.npm/mysql/2.16.0/package/package.json not in flight; writing
67 verbose afterAdd /home/gavin/.npm/mysql/2.16.0/package/package.json written
68 silly fetchNamedPackageData bignumber.js
69 silly mapToRegistry name bignumber.js
70 silly mapToRegistry using default registry
71 silly mapToRegistry registry https://registry.npmjs.org/
72 silly mapToRegistry uri https://registry.npmjs.org/bignumber.js
73 silly fetchNamedPackageData sqlstring
74 silly mapToRegistry name sqlstring
75 silly mapToRegistry using default registry
76 silly mapToRegistry registry https://registry.npmjs.org/
77 silly mapToRegistry uri https://registry.npmjs.org/sqlstring
78 verbose request uri https://registry.npmjs.org/sqlstring
79 verbose request no auth needed
80 info attempt registry request try #1 at 1:34:46 PM
81 http request GET https://registry.npmjs.org/sqlstring
82 verbose request uri https://registry.npmjs.org/bignumber.js
83 verbose request no auth needed
84 info attempt registry request try #1 at 1:34:46 PM
85 http request GET https://registry.npmjs.org/bignumber.js
86 http 200 https://registry.npmjs.org/sqlstring
87 verbose headers { date: 'Tue, 11 Sep 2018 05:34:46 GMT',
87 verbose headers   'content-type': 'application/json; charset=UTF-8',
87 verbose headers   'transfer-encoding': 'chunked',
87 verbose headers   connection: 'keep-alive',
87 verbose headers   'set-cookie': [ '__cfduid=d7f4fbcf2ce58f3af11bbde21fb548e0e1536644086; expires=Wed, 11-Sep-19 05:34:46 GMT; path=/; domain=.registry.npmjs.org; HttpOnly' ],
87 verbose headers   'cf-cache-status': 'HIT',
87 verbose headers   'cache-control': 'max-age=300',
87 verbose headers   'cf-ray': '4587c462a8814680-TPE',
87 verbose headers   etag: 'W/"86cc87f1d03625de6c231d6913bb9d88"',
87 verbose headers   'expect-ct': 'max-age=604800, report-uri="https://report-uri.cloudflare.com/cdn-cgi/beacon/expect-ct"',
87 verbose headers   'last-modified': 'Sun, 27 May 2018 18:05:44 GMT',
87 verbose headers   vary: 'accept-encoding, accept',
87 verbose headers   server: 'cloudflare',
87 verbose headers   'content-encoding': 'gzip' }
88 silly get cb [ 200,
88 silly get   { date: 'Tue, 11 Sep 2018 05:34:46 GMT',
88 silly get     'content-type': 'application/json; charset=UTF-8',
88 silly get     'transfer-encoding': 'chunked',
88 silly get     connection: 'keep-alive',
88 silly get     'set-cookie': [ '__cfduid=d7f4fbcf2ce58f3af11bbde21fb548e0e1536644086; expires=Wed, 11-Sep-19 05:34:46 GMT; path=/; domain=.registry.npmjs.org; HttpOnly' ],
88 silly get     'cf-cache-status': 'HIT',
88 silly get     'cache-control': 'max-age=300',
88 silly get     'cf-ray': '4587c462a8814680-TPE',
88 silly get     etag: 'W/"86cc87f1d03625de6c231d6913bb9d88"',
88 silly get     'expect-ct': 'max-age=604800, report-uri="https://report-uri.cloudflare.com/cdn-cgi/beacon/expect-ct"',
88 silly get     'last-modified': 'Sun, 27 May 2018 18:05:44 GMT',
88 silly get     vary: 'accept-encoding, accept',
88 silly get     server: 'cloudflare',
88 silly get     'content-encoding': 'gzip' } ]
89 verbose get saving sqlstring to /home/gavin/.npm/registry.npmjs.org/sqlstring/.cache.json
90 http 200 https://registry.npmjs.org/bignumber.js
91 verbose headers { date: 'Tue, 11 Sep 2018 05:34:46 GMT',
91 verbose headers   'content-type': 'application/json; charset=UTF-8',
91 verbose headers   'transfer-encoding': 'chunked',
91 verbose headers   connection: 'keep-alive',
91 verbose headers   'set-cookie': [ '__cfduid=de5995a2bf0a09ffd05aaf5cd702decea1536644086; expires=Wed, 11-Sep-19 05:34:46 GMT; path=/; domain=.registry.npmjs.org; HttpOnly' ],
91 verbose headers   'cf-cache-status': 'HIT',
91 verbose headers   'cache-control': 'max-age=300',
91 verbose headers   'cf-ray': '4587c462aaa54572-TPE',
91 verbose headers   etag: 'W/"3f27a295fc390afb7efd75e11924925c"',
91 verbose headers   'expect-ct': 'max-age=604800, report-uri="https://report-uri.cloudflare.com/cdn-cgi/beacon/expect-ct"',
91 verbose headers   'last-modified': 'Sat, 26 May 2018 18:24:10 GMT',
91 verbose headers   vary: 'accept-encoding, accept',
91 verbose headers   server: 'cloudflare',
91 verbose headers   'content-encoding': 'gzip' }
92 silly get cb [ 200,
92 silly get   { date: 'Tue, 11 Sep 2018 05:34:46 GMT',
92 silly get     'content-type': 'application/json; charset=UTF-8',
92 silly get     'transfer-encoding': 'chunked',
92 silly get     connection: 'keep-alive',
92 silly get     'set-cookie': [ '__cfduid=de5995a2bf0a09ffd05aaf5cd702decea1536644086; expires=Wed, 11-Sep-19 05:34:46 GMT; path=/; domain=.registry.npmjs.org; HttpOnly' ],
92 silly get     'cf-cache-status': 'HIT',
92 silly get     'cache-control': 'max-age=300',
92 silly get     'cf-ray': '4587c462aaa54572-TPE',
92 silly get     etag: 'W/"3f27a295fc390afb7efd75e11924925c"',
92 silly get     'expect-ct': 'max-age=604800, report-uri="https://report-uri.cloudflare.com/cdn-cgi/beacon/expect-ct"',
92 silly get     'last-modified': 'Sat, 26 May 2018 18:24:10 GMT',
92 silly get     vary: 'accept-encoding, accept',
92 silly get     server: 'cloudflare',
92 silly get     'content-encoding': 'gzip' } ]
93 verbose get saving bignumber.js to /home/gavin/.npm/registry.npmjs.org/bignumber.js/.cache.json
94 silly resolveWithNewModule sqlstring@2.3.1 checking installable status
95 silly cache add args [ 'sqlstring@2.3.1', null ]
96 verbose cache add spec sqlstring@2.3.1
97 silly cache add parsed spec Result {
97 silly cache add   raw: 'sqlstring@2.3.1',
97 silly cache add   scope: null,
97 silly cache add   name: 'sqlstring',
97 silly cache add   rawSpec: '2.3.1',
97 silly cache add   spec: '2.3.1',
97 silly cache add   type: 'version' }
98 silly addNamed sqlstring@2.3.1
99 verbose addNamed "2.3.1" is a plain semver version for sqlstring
100 silly mapToRegistry name sqlstring
101 silly mapToRegistry using default registry
102 silly mapToRegistry registry https://registry.npmjs.org/
103 silly mapToRegistry uri https://registry.npmjs.org/sqlstring
104 verbose addNameVersion registry:https://registry.npmjs.org/sqlstring not in flight; fetching
105 verbose get https://registry.npmjs.org/sqlstring not expired, no request
106 silly mapToRegistry name sqlstring
107 silly mapToRegistry using default registry
108 silly mapToRegistry registry https://registry.npmjs.org/
109 silly mapToRegistry uri https://registry.npmjs.org/sqlstring
110 verbose addRemoteTarball https://registry.npmjs.org/sqlstring/-/sqlstring-2.3.1.tgz not in flight; adding
111 verbose addRemoteTarball [ 'https://registry.npmjs.org/sqlstring/-/sqlstring-2.3.1.tgz',
111 verbose addRemoteTarball   '475393ff9e91479aea62dcaf0ca3d14983a7fb40' ]
112 info retry fetch attempt 1 at 1:34:46 PM
113 info attempt registry request try #1 at 1:34:46 PM
114 http fetch GET https://registry.npmjs.org/sqlstring/-/sqlstring-2.3.1.tgz
115 silly resolveWithNewModule bignumber.js@4.1.0 checking installable status
116 silly cache add args [ 'bignumber.js@4.1.0', null ]
117 verbose cache add spec bignumber.js@4.1.0
118 silly cache add parsed spec Result {
118 silly cache add   raw: 'bignumber.js@4.1.0',
118 silly cache add   scope: null,
118 silly cache add   name: 'bignumber.js',
118 silly cache add   rawSpec: '4.1.0',
118 silly cache add   spec: '4.1.0',
118 silly cache add   type: 'version' }
119 silly addNamed bignumber.js@4.1.0
120 verbose addNamed "4.1.0" is a plain semver version for bignumber.js
121 silly mapToRegistry name bignumber.js
122 silly mapToRegistry using default registry
123 silly mapToRegistry registry https://registry.npmjs.org/
124 silly mapToRegistry uri https://registry.npmjs.org/bignumber.js
125 verbose addNameVersion registry:https://registry.npmjs.org/bignumber.js not in flight; fetching
126 verbose get https://registry.npmjs.org/bignumber.js not expired, no request
127 silly mapToRegistry name bignumber.js
128 silly mapToRegistry using default registry
129 silly mapToRegistry registry https://registry.npmjs.org/
130 silly mapToRegistry uri https://registry.npmjs.org/bignumber.js
131 verbose addRemoteTarball https://registry.npmjs.org/bignumber.js/-/bignumber.js-4.1.0.tgz not in flight; adding
132 verbose addRemoteTarball [ 'https://registry.npmjs.org/bignumber.js/-/bignumber.js-4.1.0.tgz',
132 verbose addRemoteTarball   'db6f14067c140bd46624815a7916c92d9b6c24b1' ]
133 info retry fetch attempt 1 at 1:34:46 PM
134 info attempt registry request try #1 at 1:34:46 PM
135 http fetch GET https://registry.npmjs.org/bignumber.js/-/bignumber.js-4.1.0.tgz
136 http fetch 200 https://registry.npmjs.org/sqlstring/-/sqlstring-2.3.1.tgz
137 silly fetchAndShaCheck shasum 475393ff9e91479aea62dcaf0ca3d14983a7fb40
138 verbose addTmpTarball /tmp/npm-13802-2b1d67ad/registry.npmjs.org/sqlstring/-/sqlstring-2.3.1.tgz not in flight; adding
139 verbose addTmpTarball already have metadata; skipping unpack for sqlstring@2.3.1
140 silly cache afterAdd sqlstring@2.3.1
141 verbose afterAdd /home/gavin/.npm/sqlstring/2.3.1/package/package.json not in flight; writing
142 verbose afterAdd /home/gavin/.npm/sqlstring/2.3.1/package/package.json written
143 http fetch 200 https://registry.npmjs.org/bignumber.js/-/bignumber.js-4.1.0.tgz
144 silly fetchAndShaCheck shasum db6f14067c140bd46624815a7916c92d9b6c24b1
145 verbose addTmpTarball /tmp/npm-13802-2b1d67ad/registry.npmjs.org/bignumber.js/-/bignumber.js-4.1.0.tgz not in flight; adding
146 verbose addTmpTarball already have metadata; skipping unpack for bignumber.js@4.1.0
147 silly cache afterAdd bignumber.js@4.1.0
148 verbose afterAdd /home/gavin/.npm/bignumber.js/4.1.0/package/package.json not in flight; writing
149 verbose afterAdd /home/gavin/.npm/bignumber.js/4.1.0/package/package.json written
150 silly loadAllDepsIntoIdealTree Finishing
151 silly idealTree:prePrune phd@1.0.0
151 silly idealTree:prePrune ├── append-field@0.1.0
151 silly idealTree:prePrune ├── argparse@1.0.10
151 silly idealTree:prePrune ├── async@2.6.1
151 silly idealTree:prePrune ├── asynckit@0.4.0
151 silly idealTree:prePrune ├── bignumber.js@4.1.0
151 silly idealTree:prePrune ├─┬ body-parser@1.18.2
151 silly idealTree:prePrune │ └── qs@6.5.1
151 silly idealTree:prePrune ├── buffer-from@1.1.1
151 silly idealTree:prePrune ├─┬ busboy@0.2.14
151 silly idealTree:prePrune │ ├── isarray@0.0.1
151 silly idealTree:prePrune │ ├── readable-stream@1.1.14
151 silly idealTree:prePrune │ └── string_decoder@0.10.31
151 silly idealTree:prePrune ├── bytes@3.0.0
151 silly idealTree:prePrune ├── combined-stream@1.0.6
151 silly idealTree:prePrune ├── commander@2.11.0
151 silly idealTree:prePrune ├── component-emitter@1.2.1
151 silly idealTree:prePrune ├── concat-stream@1.6.2
151 silly idealTree:prePrune ├── connect@3.6.6
151 silly idealTree:prePrune ├── content-type@1.0.4
151 silly idealTree:prePrune ├── cookiejar@2.1.2
151 silly idealTree:prePrune ├── core-util-is@1.0.2
151 silly idealTree:prePrune ├── debug@2.6.9
151 silly idealTree:prePrune ├── delayed-stream@1.0.0
151 silly idealTree:prePrune ├── depd@1.1.2
151 silly idealTree:prePrune ├── destroy@1.0.4
151 silly idealTree:prePrune ├─┬ dicer@0.2.5
151 silly idealTree:prePrune │ ├── isarray@0.0.1
151 silly idealTree:prePrune │ ├── readable-stream@1.1.14
151 silly idealTree:prePrune │ └── string_decoder@0.10.31
151 silly idealTree:prePrune ├── ee-first@1.1.1
151 silly idealTree:prePrune ├── encodeurl@1.0.2
151 silly idealTree:prePrune ├── escape-html@1.0.3
151 silly idealTree:prePrune ├── esprima@4.0.1
151 silly idealTree:prePrune ├── etag@1.8.1
151 silly idealTree:prePrune ├── extend@3.0.2
151 silly idealTree:prePrune ├── finalhandler@1.1.0
151 silly idealTree:prePrune ├── form-data@2.3.2
151 silly idealTree:prePrune ├── formidable@1.2.1
151 silly idealTree:prePrune ├── fresh@0.5.2
151 silly idealTree:prePrune ├── graphlib@2.1.5
151 silly idealTree:prePrune ├─┬ http-errors@1.6.3
151 silly idealTree:prePrune │ └── statuses@1.5.0
151 silly idealTree:prePrune ├── iconv-lite@0.4.19
151 silly idealTree:prePrune ├── inherits@2.0.3
151 silly idealTree:prePrune ├── isarray@1.0.0
151 silly idealTree:prePrune ├── js-yaml@3.12.0
151 silly idealTree:prePrune ├── json-refs@3.0.10
151 silly idealTree:prePrune ├── lodash._arraypool@2.4.1
151 silly idealTree:prePrune ├── lodash._basebind@2.4.1
151 silly idealTree:prePrune ├── lodash._baseclone@2.4.1
151 silly idealTree:prePrune ├── lodash._basecreate@2.4.1
151 silly idealTree:prePrune ├── lodash._basecreatecallback@2.4.1
151 silly idealTree:prePrune ├── lodash._basecreatewrapper@2.4.1
151 silly idealTree:prePrune ├── lodash._createwrapper@2.4.1
151 silly idealTree:prePrune ├── lodash._getarray@2.4.1
151 silly idealTree:prePrune ├── lodash._isnative@2.4.1
151 silly idealTree:prePrune ├── lodash._maxpoolsize@2.4.1
151 silly idealTree:prePrune ├── lodash._objecttypes@2.4.1
151 silly idealTree:prePrune ├── lodash._releasearray@2.4.1
151 silly idealTree:prePrune ├── lodash._setbinddata@2.4.1
151 silly idealTree:prePrune ├── lodash._shimkeys@2.4.1
151 silly idealTree:prePrune ├── lodash._slice@2.4.1
151 silly idealTree:prePrune ├── lodash.assign@2.4.1
151 silly idealTree:prePrune ├── lodash.bind@2.4.1
151 silly idealTree:prePrune ├── lodash.clonedeep@2.4.1
151 silly idealTree:prePrune ├── lodash.foreach@2.4.1
151 silly idealTree:prePrune ├── lodash.forown@2.4.1
151 silly idealTree:prePrune ├── lodash.get@4.4.2
151 silly idealTree:prePrune ├── lodash.identity@2.4.1
151 silly idealTree:prePrune ├── lodash.isarray@2.4.1
151 silly idealTree:prePrune ├── lodash.isequal@4.5.0
151 silly idealTree:prePrune ├── lodash.isfunction@2.4.1
151 silly idealTree:prePrune ├── lodash.isobject@2.4.1
151 silly idealTree:prePrune ├── lodash.keys@2.4.1
151 silly idealTree:prePrune ├── lodash.noop@2.4.1
151 silly idealTree:prePrune ├── lodash.support@2.4.1
151 silly idealTree:prePrune ├── lodash@4.17.10
151 silly idealTree:prePrune ├── media-typer@0.3.0
151 silly idealTree:prePrune ├── methods@1.1.2
151 silly idealTree:prePrune ├── mime-db@1.36.0
151 silly idealTree:prePrune ├── mime-types@2.1.20
151 silly idealTree:prePrune ├── mime@1.6.0
151 silly idealTree:prePrune ├── minimist@0.0.8
151 silly idealTree:prePrune ├── mkdirp@0.5.1
151 silly idealTree:prePrune ├── ms@2.0.0
151 silly idealTree:prePrune ├── multer@1.3.1
151 silly idealTree:prePrune ├── mysql@2.16.0
151 silly idealTree:prePrune ├── native-promise-only@0.8.1
151 silly idealTree:prePrune ├── object-assign@3.0.0
151 silly idealTree:prePrune ├── on-finished@2.3.0
151 silly idealTree:prePrune ├── parseurl@1.3.2
151 silly idealTree:prePrune ├── path-loader@1.0.9
151 silly idealTree:prePrune ├── path-to-regexp@2.4.0
151 silly idealTree:prePrune ├── process-nextick-args@2.0.0
151 silly idealTree:prePrune ├── punycode@2.1.1
151 silly idealTree:prePrune ├── qs@6.5.2
151 silly idealTree:prePrune ├── range-parser@1.2.0
151 silly idealTree:prePrune ├─┬ raw-body@2.3.2
151 silly idealTree:prePrune │ ├── depd@1.1.1
151 silly idealTree:prePrune │ ├── http-errors@1.6.2
151 silly idealTree:prePrune │ └── setprototypeof@1.0.3
151 silly idealTree:prePrune ├── readable-stream@2.3.6
151 silly idealTree:prePrune ├── safe-buffer@5.1.2
151 silly idealTree:prePrune ├─┬ send@0.16.2
151 silly idealTree:prePrune │ ├── mime@1.4.1
151 silly idealTree:prePrune │ └── statuses@1.4.0
151 silly idealTree:prePrune ├── serve-static@1.13.2
151 silly idealTree:prePrune ├── setprototypeof@1.1.0
151 silly idealTree:prePrune ├── slash@1.0.0
151 silly idealTree:prePrune ├── spark-md5@3.0.0
151 silly idealTree:prePrune ├── sprintf-js@1.0.3
151 silly idealTree:prePrune ├── sqlstring@2.3.1
151 silly idealTree:prePrune ├── statuses@1.3.1
151 silly idealTree:prePrune ├── streamsearch@0.1.2
151 silly idealTree:prePrune ├── string_decoder@1.1.1
151 silly idealTree:prePrune ├─┬ superagent@3.8.3
151 silly idealTree:prePrune │ └── debug@3.1.0
151 silly idealTree:prePrune ├── swagger-converter@0.1.7
151 silly idealTree:prePrune ├─┬ swagger-tools@0.10.4
151 silly idealTree:prePrune │ └── debug@3.1.0
151 silly idealTree:prePrune ├── traverse@0.6.6
151 silly idealTree:prePrune ├── type-is@1.6.16
151 silly idealTree:prePrune ├── typedarray@0.0.6
151 silly idealTree:prePrune ├── unpipe@1.0.0
151 silly idealTree:prePrune ├── uri-js@3.0.2
151 silly idealTree:prePrune ├── util-deprecate@1.0.2
151 silly idealTree:prePrune ├── utils-merge@1.0.1
151 silly idealTree:prePrune ├── validator@10.7.1
151 silly idealTree:prePrune ├── xtend@4.0.1
151 silly idealTree:prePrune └── z-schema@3.23.0
152 silly loadIdealTree Finishing
153 silly currentTree phd@1.0.0
153 silly currentTree ├── append-field@0.1.0
153 silly currentTree ├── argparse@1.0.10
153 silly currentTree ├── async@2.6.1
153 silly currentTree ├── asynckit@0.4.0
153 silly currentTree ├─┬ body-parser@1.18.2
153 silly currentTree │ └── qs@6.5.1
153 silly currentTree ├── buffer-from@1.1.1
153 silly currentTree ├─┬ busboy@0.2.14
153 silly currentTree │ ├── isarray@0.0.1
153 silly currentTree │ ├── readable-stream@1.1.14
153 silly currentTree │ └── string_decoder@0.10.31
153 silly currentTree ├── bytes@3.0.0
153 silly currentTree ├── combined-stream@1.0.6
153 silly currentTree ├── commander@2.11.0
153 silly currentTree ├── component-emitter@1.2.1
153 silly currentTree ├── concat-stream@1.6.2
153 silly currentTree ├── connect@3.6.6
153 silly currentTree ├── content-type@1.0.4
153 silly currentTree ├── cookiejar@2.1.2
153 silly currentTree ├── core-util-is@1.0.2
153 silly currentTree ├── debug@2.6.9
153 silly currentTree ├── delayed-stream@1.0.0
153 silly currentTree ├── depd@1.1.2
153 silly currentTree ├── destroy@1.0.4
153 silly currentTree ├─┬ dicer@0.2.5
153 silly currentTree │ ├── isarray@0.0.1
153 silly currentTree │ ├── readable-stream@1.1.14
153 silly currentTree │ └── string_decoder@0.10.31
153 silly currentTree ├── ee-first@1.1.1
153 silly currentTree ├── encodeurl@1.0.2
153 silly currentTree ├── escape-html@1.0.3
153 silly currentTree ├── esprima@4.0.1
153 silly currentTree ├── etag@1.8.1
153 silly currentTree ├── extend@3.0.2
153 silly currentTree ├── finalhandler@1.1.0
153 silly currentTree ├── form-data@2.3.2
153 silly currentTree ├── formidable@1.2.1
153 silly currentTree ├── fresh@0.5.2
153 silly currentTree ├── graphlib@2.1.5
153 silly currentTree ├─┬ http-errors@1.6.3
153 silly currentTree │ └── statuses@1.5.0
153 silly currentTree ├── iconv-lite@0.4.19
153 silly currentTree ├── inherits@2.0.3
153 silly currentTree ├── isarray@1.0.0
153 silly currentTree ├── js-yaml@3.12.0
153 silly currentTree ├── json-refs@3.0.10
153 silly currentTree ├── lodash._arraypool@2.4.1
153 silly currentTree ├── lodash._basebind@2.4.1
153 silly currentTree ├── lodash._baseclone@2.4.1
153 silly currentTree ├── lodash._basecreate@2.4.1
153 silly currentTree ├── lodash._basecreatecallback@2.4.1
153 silly currentTree ├── lodash._basecreatewrapper@2.4.1
153 silly currentTree ├── lodash._createwrapper@2.4.1
153 silly currentTree ├── lodash._getarray@2.4.1
153 silly currentTree ├── lodash._isnative@2.4.1
153 silly currentTree ├── lodash._maxpoolsize@2.4.1
153 silly currentTree ├── lodash._objecttypes@2.4.1
153 silly currentTree ├── lodash._releasearray@2.4.1
153 silly currentTree ├── lodash._setbinddata@2.4.1
153 silly currentTree ├── lodash._shimkeys@2.4.1
153 silly currentTree ├── lodash._slice@2.4.1
153 silly currentTree ├── lodash.assign@2.4.1
153 silly currentTree ├── lodash.bind@2.4.1
153 silly currentTree ├── lodash.clonedeep@2.4.1
153 silly currentTree ├── lodash.foreach@2.4.1
153 silly currentTree ├── lodash.forown@2.4.1
153 silly currentTree ├── lodash.get@4.4.2
153 silly currentTree ├── lodash.identity@2.4.1
153 silly currentTree ├── lodash.isarray@2.4.1
153 silly currentTree ├── lodash.isequal@4.5.0
153 silly currentTree ├── lodash.isfunction@2.4.1
153 silly currentTree ├── lodash.isobject@2.4.1
153 silly currentTree ├── lodash.keys@2.4.1
153 silly currentTree ├── lodash.noop@2.4.1
153 silly currentTree ├── lodash.support@2.4.1
153 silly currentTree ├── lodash@4.17.10
153 silly currentTree ├── media-typer@0.3.0
153 silly currentTree ├── methods@1.1.2
153 silly currentTree ├── mime-db@1.36.0
153 silly currentTree ├── mime-types@2.1.20
153 silly currentTree ├── mime@1.6.0
153 silly currentTree ├── minimist@0.0.8
153 silly currentTree ├── mkdirp@0.5.1
153 silly currentTree ├── ms@2.0.0
153 silly currentTree ├── multer@1.3.1
153 silly currentTree ├── native-promise-only@0.8.1
153 silly currentTree ├── object-assign@3.0.0
153 silly currentTree ├── on-finished@2.3.0
153 silly currentTree ├── parseurl@1.3.2
153 silly currentTree ├── path-loader@1.0.9
153 silly currentTree ├── path-to-regexp@2.4.0
153 silly currentTree ├── process-nextick-args@2.0.0
153 silly currentTree ├── punycode@2.1.1
153 silly currentTree ├── qs@6.5.2
153 silly currentTree ├── range-parser@1.2.0
153 silly currentTree ├─┬ raw-body@2.3.2
153 silly currentTree │ ├── depd@1.1.1
153 silly currentTree │ ├── http-errors@1.6.2
153 silly currentTree │ └── setprototypeof@1.0.3
153 silly currentTree ├── readable-stream@2.3.6
153 silly currentTree ├── safe-buffer@5.1.2
153 silly currentTree ├─┬ send@0.16.2
153 silly currentTree │ ├── mime@1.4.1
153 silly currentTree │ └── statuses@1.4.0
153 silly currentTree ├── serve-static@1.13.2
153 silly currentTree ├── setprototypeof@1.1.0
153 silly currentTree ├── slash@1.0.0
153 silly currentTree ├── spark-md5@3.0.0
153 silly currentTree ├── sprintf-js@1.0.3
153 silly currentTree ├── statuses@1.3.1
153 silly currentTree ├── streamsearch@0.1.2
153 silly currentTree ├── string_decoder@1.1.1
153 silly currentTree ├─┬ superagent@3.8.3
153 silly currentTree │ └── debug@3.1.0
153 silly currentTree ├── swagger-converter@0.1.7
153 silly currentTree ├─┬ swagger-tools@0.10.4
153 silly currentTree │ └── debug@3.1.0
153 silly currentTree ├── traverse@0.6.6
153 silly currentTree ├── type-is@1.6.16
153 silly currentTree ├── typedarray@0.0.6
153 silly currentTree ├── unpipe@1.0.0
153 silly currentTree ├── uri-js@3.0.2
153 silly currentTree ├── util-deprecate@1.0.2
153 silly currentTree ├── utils-merge@1.0.1
153 silly currentTree ├── validator@10.7.1
153 silly currentTree ├── xtend@4.0.1
153 silly currentTree └── z-schema@3.23.0
154 silly idealTree phd@1.0.0
154 silly idealTree ├── append-field@0.1.0
154 silly idealTree ├── argparse@1.0.10
154 silly idealTree ├── async@2.6.1
154 silly idealTree ├── asynckit@0.4.0
154 silly idealTree ├── bignumber.js@4.1.0
154 silly idealTree ├─┬ body-parser@1.18.2
154 silly idealTree │ └── qs@6.5.1
154 silly idealTree ├── buffer-from@1.1.1
154 silly idealTree ├─┬ busboy@0.2.14
154 silly idealTree │ ├── isarray@0.0.1
154 silly idealTree │ ├── readable-stream@1.1.14
154 silly idealTree │ └── string_decoder@0.10.31
154 silly idealTree ├── bytes@3.0.0
154 silly idealTree ├── combined-stream@1.0.6
154 silly idealTree ├── commander@2.11.0
154 silly idealTree ├── component-emitter@1.2.1
154 silly idealTree ├── concat-stream@1.6.2
154 silly idealTree ├── connect@3.6.6
154 silly idealTree ├── content-type@1.0.4
154 silly idealTree ├── cookiejar@2.1.2
154 silly idealTree ├── core-util-is@1.0.2
154 silly idealTree ├── debug@2.6.9
154 silly idealTree ├── delayed-stream@1.0.0
154 silly idealTree ├── depd@1.1.2
154 silly idealTree ├── destroy@1.0.4
154 silly idealTree ├─┬ dicer@0.2.5
154 silly idealTree │ ├── isarray@0.0.1
154 silly idealTree │ ├── readable-stream@1.1.14
154 silly idealTree │ └── string_decoder@0.10.31
154 silly idealTree ├── ee-first@1.1.1
154 silly idealTree ├── encodeurl@1.0.2
154 silly idealTree ├── escape-html@1.0.3
154 silly idealTree ├── esprima@4.0.1
154 silly idealTree ├── etag@1.8.1
154 silly idealTree ├── extend@3.0.2
154 silly idealTree ├── finalhandler@1.1.0
154 silly idealTree ├── form-data@2.3.2
154 silly idealTree ├── formidable@1.2.1
154 silly idealTree ├── fresh@0.5.2
154 silly idealTree ├── graphlib@2.1.5
154 silly idealTree ├─┬ http-errors@1.6.3
154 silly idealTree │ └── statuses@1.5.0
154 silly idealTree ├── iconv-lite@0.4.19
154 silly idealTree ├── inherits@2.0.3
154 silly idealTree ├── isarray@1.0.0
154 silly idealTree ├── js-yaml@3.12.0
154 silly idealTree ├── json-refs@3.0.10
154 silly idealTree ├── lodash._arraypool@2.4.1
154 silly idealTree ├── lodash._basebind@2.4.1
154 silly idealTree ├── lodash._baseclone@2.4.1
154 silly idealTree ├── lodash._basecreate@2.4.1
154 silly idealTree ├── lodash._basecreatecallback@2.4.1
154 silly idealTree ├── lodash._basecreatewrapper@2.4.1
154 silly idealTree ├── lodash._createwrapper@2.4.1
154 silly idealTree ├── lodash._getarray@2.4.1
154 silly idealTree ├── lodash._isnative@2.4.1
154 silly idealTree ├── lodash._maxpoolsize@2.4.1
154 silly idealTree ├── lodash._objecttypes@2.4.1
154 silly idealTree ├── lodash._releasearray@2.4.1
154 silly idealTree ├── lodash._setbinddata@2.4.1
154 silly idealTree ├── lodash._shimkeys@2.4.1
154 silly idealTree ├── lodash._slice@2.4.1
154 silly idealTree ├── lodash.assign@2.4.1
154 silly idealTree ├── lodash.bind@2.4.1
154 silly idealTree ├── lodash.clonedeep@2.4.1
154 silly idealTree ├── lodash.foreach@2.4.1
154 silly idealTree ├── lodash.forown@2.4.1
154 silly idealTree ├── lodash.get@4.4.2
154 silly idealTree ├── lodash.identity@2.4.1
154 silly idealTree ├── lodash.isarray@2.4.1
154 silly idealTree ├── lodash.isequal@4.5.0
154 silly idealTree ├── lodash.isfunction@2.4.1
154 silly idealTree ├── lodash.isobject@2.4.1
154 silly idealTree ├── lodash.keys@2.4.1
154 silly idealTree ├── lodash.noop@2.4.1
154 silly idealTree ├── lodash.support@2.4.1
154 silly idealTree ├── lodash@4.17.10
154 silly idealTree ├── media-typer@0.3.0
154 silly idealTree ├── methods@1.1.2
154 silly idealTree ├── mime-db@1.36.0
154 silly idealTree ├── mime-types@2.1.20
154 silly idealTree ├── mime@1.6.0
154 silly idealTree ├── minimist@0.0.8
154 silly idealTree ├── mkdirp@0.5.1
154 silly idealTree ├── ms@2.0.0
154 silly idealTree ├── multer@1.3.1
154 silly idealTree ├── mysql@2.16.0
154 silly idealTree ├── native-promise-only@0.8.1
154 silly idealTree ├── object-assign@3.0.0
154 silly idealTree ├── on-finished@2.3.0
154 silly idealTree ├── parseurl@1.3.2
154 silly idealTree ├── path-loader@1.0.9
154 silly idealTree ├── path-to-regexp@2.4.0
154 silly idealTree ├── process-nextick-args@2.0.0
154 silly idealTree ├── punycode@2.1.1
154 silly idealTree ├── qs@6.5.2
154 silly idealTree ├── range-parser@1.2.0
154 silly idealTree ├─┬ raw-body@2.3.2
154 silly idealTree │ ├── depd@1.1.1
154 silly idealTree │ ├── http-errors@1.6.2
154 silly idealTree │ └── setprototypeof@1.0.3
154 silly idealTree ├── readable-stream@2.3.6
154 silly idealTree ├── safe-buffer@5.1.2
154 silly idealTree ├─┬ send@0.16.2
154 silly idealTree │ ├── mime@1.4.1
154 silly idealTree │ └── statuses@1.4.0
154 silly idealTree ├── serve-static@1.13.2
154 silly idealTree ├── setprototypeof@1.1.0
154 silly idealTree ├── slash@1.0.0
154 silly idealTree ├── spark-md5@3.0.0
154 silly idealTree ├── sprintf-js@1.0.3
154 silly idealTree ├── sqlstring@2.3.1
154 silly idealTree ├── statuses@1.3.1
154 silly idealTree ├── streamsearch@0.1.2
154 silly idealTree ├── string_decoder@1.1.1
154 silly idealTree ├─┬ superagent@3.8.3
154 silly idealTree │ └── debug@3.1.0
154 silly idealTree ├── swagger-converter@0.1.7
154 silly idealTree ├─┬ swagger-tools@0.10.4
154 silly idealTree │ └── debug@3.1.0
154 silly idealTree ├── traverse@0.6.6
154 silly idealTree ├── type-is@1.6.16
154 silly idealTree ├── typedarray@0.0.6
154 silly idealTree ├── unpipe@1.0.0
154 silly idealTree ├── uri-js@3.0.2
154 silly idealTree ├── util-deprecate@1.0.2
154 silly idealTree ├── utils-merge@1.0.1
154 silly idealTree ├── validator@10.7.1
154 silly idealTree ├── xtend@4.0.1
154 silly idealTree └── z-schema@3.23.0
155 silly generateActionsToTake Starting
156 silly install generateActionsToTake
157 warn checkPermissions Missing write access to /var/www/html/PHD/nodejs-server-server/node_modules/swagger-tools
158 silly rollbackFailedOptional Starting
159 silly rollbackFailedOptional Finishing
160 silly runTopLevelLifecycles Starting
161 silly runTopLevelLifecycles Finishing
162 silly install printInstalled
163 verbose stack Error: EACCES: permission denied, access '/var/www/html/PHD/nodejs-server-server/node_modules/swagger-tools'
163 verbose stack     at Error (native)
164 verbose cwd /var/www/html/PHD/nodejs-server-server
165 error Linux 4.15.0-24-generic
166 error argv "/usr/bin/nodejs" "/usr/bin/npm" "install" "mysql"
167 error node v4.2.6
168 error npm  v3.5.2
169 error path /var/www/html/PHD/nodejs-server-server/node_modules/swagger-tools
170 error code EACCES
171 error errno -13
172 error syscall access
173 error Error: EACCES: permission denied, access '/var/www/html/PHD/nodejs-server-server/node_modules/swagger-tools'
173 error     at Error (native)
173 error  { [Error: EACCES: permission denied, access '/var/www/html/PHD/nodejs-server-server/node_modules/swagger-tools']
173 error   errno: -13,
173 error   code: 'EACCES',
173 error   syscall: 'access',
173 error   path: '/var/www/html/PHD/nodejs-server-server/node_modules/swagger-tools' }
174 error Please try running this command again as root/Administrator.
175 verbose exit [ -13, true ]
